2020.6.30
	9:00~12:00

1.完成git本地仓库与GitHub远程仓库的连接
遇到问题：上传被拒绝
原因：本地仓库内容与远程仓库内容不一致
解决办法：利用pull命令将远程仓库内容下载，再利用push命令上传

2.下载安装Python、Pycharm、Java环境
遇到问题：环境变量设置，文件路径问题
无原因，已解决

3.下载安装spark、hardoop
遇到问题：spark出现乱码的问题（或者不是乱码，而是看不懂的字节内容）
可能原因：spark版本与其他不兼容（推测）
暂未解决
	
	15:00~18:00
1.重新下载jdk，进行环境配置，解决早晨遗留的问题，spark安装成功

2.获取气象数据
遇到问题：内容太多，下载速度过于真实
解决办法：由网盘提供的资源下载（正在进行）

3.安装数据分析相关的依赖包
未遇到问题，顺利解决

4.虚拟机配置
遇到问题：VMware下载地址打不开
可能原因：未使用外网进行操作
暂未解决

2020.7.1
	9:00~12:00
1.安装VMware和ubuntu虚拟机
遇到问题：版本与pdf文件不一致，导致走了很多弯路，如虚拟机ip不需要修改，interfaces文件不需要修改等。
已解决

	15:00~18:00
1.小组讨论合作，完成虚拟机的安装与配置，包括主节点与从节点的连接
遇到问题：pdf文件中缺失的地方很多，遇到好多坑，初次接触虚拟机，使用不熟悉
通过搜索引擎，询问别人，解决这些问题

2.发现小组分工的重要性，经讨论明确了小组分工，未来几天我主要负责spark数据清洗的工作，完成后协助进行数据模型构建。
全天被未知的领域折磨，虽然身心俱疲，但是收获颇丰。