18301133林小倩的工作流水账：
2020.6.30 上午
今天上午主要学习了怎样在本地创建仓库，并用Git提交到Github的远程仓库上
初步了解到了Git的很多功能
但是这个过程遇到了很多问题，查了很多教程也请教了很多同学
还有在下载spark和Hadoop的时候出现了问题，Hadoop-bin还需要下载

2020.6.30 下午
今天下午对Git与Github进行了更深一步的学习
根据上午下载spark和Hadoop时出现的问题进行了解决，下载了hadoop-bin压缩包
还有对虚拟机方面的内容有了新的了解 还没完成对虚拟机的下载和配置环境
明天继续加油！

2020.7.1 
今天进行了小组会议，全组组员对之前大家出现的问题进行讨论并解决
一起研究并下载了虚拟机，解决配置网络问题
组长给我们重新分配了工作任务
开始学习前端界面设计内容
明天继续加油！

2020.7.2
上午听取了更小组成员的工作进度
学习前端设计方面内容，学习HTML5+CSS
下午上课听老师讲解了各任务体系之间的联系，对各个任务有了更明确的认识
小组开会汇报今日的任务进度和解决今日遇到的任务难题
接下来继续加油！