6.30 上午
使用git将本地仓库推送到远程仓库
遇到的问题：error: failed to push some refs  to 'github.com :WeatherDataAnalysisWangyu/Weather
                    fatal: refusing to merge unrelated histories
解决error:问题是其他组员更新了远程仓库，需要先pull再push
解决fatal:添加git pull origin master --allow-unrelated-histories这行代码
安装配置python和pycharm
之前有jdk1.8
6.30 下午和晚上
安装配置spark和hadoop
遇到问题jdk用的之前的配置的环境变量不对
重新安装配置jdk
下载气象数据
安装数据分析相关的依赖包
尝试配置虚拟机（未成功）
7.1 上午
继续配置虚拟机（依旧失败）
遇到问题安装VMware提示您的系统尚未修改
解决方法：不知道调整了些什么，突然好使了
7.1 下午
配置虚拟机
遇到问题：提示“Intel VT-x处于禁用状态”
解决方法：要进入Win10的BIOS，先进入“设置”页面。打开“Windows设置”页面后，点击“更新和安全”，点击“恢复”，在右边出现栏目中“高级启动”标签下有一个按钮“立即重新启动”，选择“疑难解答”，选择“高级选项”选择“UEFI固件设置”，这时进入了UEFI固件设置界面，选择“Security”，选择"Virtualization"，选中“Intel （R）Virtualization Technology”,设为启用“Enabled”。
小组重新任务规划，我负责前端设计，学习javaspring（晚上继续）
7.2 上午
放弃学习Javaspring,改学HTML5和CSS3
7.2 下午
继续学习HTML5和CSS3，安装配置sublime
（晚上继续）
7.3 上午
学习HTML，安装配置vs code
7.3 下午
基本学完HTML并制作简单的注册登录网页
学习CSS(晚上继续)
7.4 上午
学习CSS
7.4 下午
学习CSS 安装配置Myeclipse和tomcat
7.5 上午
安装配置Flask
学习Flask
7.5 下午
学习Flask
基本使用Flask框架做出注册界面
7.6 上午 
听各个组答辩
7.6 下午
开组会，任务重新分布，做到前后端分离，改用spring boot只负责前端及前端服务器
7.7 上午
学习vue
7.7 下午
继续学习vue并制作登录注册和主界面
7.8 上午
学习javascript和ajax
7.8 下午
尝试使用axios发送post请求（连接不上服务器）
7.9 上午
学习Vue+Element
7.9 下午
使用Elment制作用户管理界面实现增删改查

